2019/09/04 17:11:59 [trace] [system.CModule] Loading "log" application component
in C:\xampp\htdocs\reich\index.php (21)
2019/09/04 17:11:59 [trace] [system.CModule] Loading "request" application component
in C:\xampp\htdocs\reich\index.php (21)
2019/09/04 17:11:59 [trace] [system.CModule] Loading "urlManager" application component
in C:\xampp\htdocs\reich\index.php (21)
2019/09/04 17:12:00 [trace] [system.CModule] Loading "cache" application component
in C:\xampp\htdocs\reich\index.php (21)
2019/09/04 17:12:00 [trace] [system.caching.CFileCache] Serving "Yii.CUrlManager.rules" from cache
in C:\xampp\htdocs\reich\index.php (21)
2019/09/04 17:12:00 [trace] [system.CModule] Loading "db" application component
in C:\xampp\htdocs\reich\protected\models\Language.php (22)
in C:\xampp\htdocs\reich\protected\components\Controller.php (41)
in C:\xampp\htdocs\reich\index.php (21)
2019/09/04 17:12:00 [trace] [system.db.CDbConnection] Opening DB connection
in C:\xampp\htdocs\reich\protected\models\Language.php (22)
in C:\xampp\htdocs\reich\protected\components\Controller.php (41)
in C:\xampp\htdocs\reich\index.php (21)
2019/09/04 17:12:00 [trace] [system.db.CDbCommand] Querying SQL: SHOW COLUMNS FROM `language`
in C:\xampp\htdocs\reich\protected\models\Language.php (22)
in C:\xampp\htdocs\reich\protected\components\Controller.php (41)
in C:\xampp\htdocs\reich\index.php (21)
2019/09/04 17:12:00 [trace] [system.db.CDbCommand] Querying SQL: SHOW CREATE TABLE `language`
in C:\xampp\htdocs\reich\protected\models\Language.php (22)
in C:\xampp\htdocs\reich\protected\components\Controller.php (41)
in C:\xampp\htdocs\reich\index.php (21)
2019/09/04 17:12:00 [trace] [system.db.ar.CActiveRecord] Language.find()
in C:\xampp\htdocs\reich\protected\components\Controller.php (41)
in C:\xampp\htdocs\reich\index.php (21)
2019/09/04 17:12:00 [trace] [system.db.CDbCommand] Querying SQL: SELECT * FROM `language` `t` WHERE code = :code LIMIT 1
in C:\xampp\htdocs\reich\protected\components\Controller.php (41)
in C:\xampp\htdocs\reich\index.php (21)
2019/09/04 17:12:00 [trace] [system.caching.CFileCache] Serving "setting_en" from cache
in C:\xampp\htdocs\reich\protected\components\Controller.php (43)
in C:\xampp\htdocs\reich\index.php (21)
2019/09/04 17:12:00 [trace] [system.CModule] Loading "themeManager" application component
in C:\xampp\htdocs\reich\protected\controllers\HomeController.php (1367)
in C:\xampp\htdocs\reich\index.php (21)
2019/09/04 17:12:00 [trace] [system.CModule] Loading "widgetFactory" application component
in C:\xampp\htdocs\reich\protected\views\layouts\column2.php (2)
in C:\xampp\htdocs\reich\protected\controllers\HomeController.php (1367)
in C:\xampp\htdocs\reich\index.php (21)
2019/09/04 17:12:00 [trace] [system.CModule] Loading "clientScript" application component
in C:\xampp\htdocs\reich\protected\views\layouts\main.php (36)
in C:\xampp\htdocs\reich\protected\views\layouts\column2.php (11)
in C:\xampp\htdocs\reich\protected\controllers\HomeController.php (1367)
2019/09/04 17:12:00 [trace] [system.CModule] Loading "assetManager" application component
in C:\xampp\htdocs\reich\protected\controllers\HomeController.php (1367)
in C:\xampp\htdocs\reich\index.php (21)
2019/09/04 17:12:01 [trace] [system.CModule] Loading "log" application component
in C:\xampp\htdocs\reich\index.php (21)
2019/09/04 17:12:01 [trace] [system.CModule] Loading "request" application component
in C:\xampp\htdocs\reich\index.php (21)
2019/09/04 17:12:01 [trace] [system.CModule] Loading "urlManager" application component
in C:\xampp\htdocs\reich\index.php (21)
2019/09/04 17:12:01 [trace] [system.CModule] Loading "cache" application component
in C:\xampp\htdocs\reich\index.php (21)
2019/09/04 17:12:01 [trace] [system.caching.CFileCache] Serving "Yii.CUrlManager.rules" from cache
in C:\xampp\htdocs\reich\index.php (21)
2019/09/04 17:12:01 [trace] [system.CModule] Loading "coreMessages" application component
in C:\xampp\htdocs\reich\index.php (21)
2019/09/04 17:12:01 [error] [exception.CHttpException.404] CHttpException: Unable to resolve the request "asset/images". in C:\xampp\htdocs\yii\framework\web\CWebApplication.php:287
Stack trace:
#0 C:\xampp\htdocs\yii\framework\web\CWebApplication.php(142): CWebApplication->runController('asset/images')
#1 C:\xampp\htdocs\yii\framework\base\CApplication.php(162): CWebApplication->processRequest()
#2 C:\xampp\htdocs\reich\index.php(21): CApplication->run()
#3 {main}
REQUEST_URI=/reich/asset/images/favicon.png
HTTP_REFERER=http://localhost/reich/home/store_locator
---
2019/09/04 17:12:01 [trace] [system.CModule] Loading "errorHandler" application component
2019/09/04 17:12:01 [trace] [system.CModule] Loading "db" application component
in C:\xampp\htdocs\reich\protected\models\Language.php (22)
in C:\xampp\htdocs\reich\protected\components\Controller.php (41)
2019/09/04 17:12:01 [trace] [system.db.CDbConnection] Opening DB connection
in C:\xampp\htdocs\reich\protected\models\Language.php (22)
in C:\xampp\htdocs\reich\protected\components\Controller.php (41)
2019/09/04 17:12:01 [trace] [system.db.CDbCommand] Querying SQL: SHOW COLUMNS FROM `language`
in C:\xampp\htdocs\reich\protected\models\Language.php (22)
in C:\xampp\htdocs\reich\protected\components\Controller.php (41)
2019/09/04 17:12:01 [trace] [system.db.CDbCommand] Querying SQL: SHOW CREATE TABLE `language`
in C:\xampp\htdocs\reich\protected\models\Language.php (22)
in C:\xampp\htdocs\reich\protected\components\Controller.php (41)
2019/09/04 17:12:01 [trace] [system.db.ar.CActiveRecord] Language.find()
in C:\xampp\htdocs\reich\protected\components\Controller.php (41)
2019/09/04 17:12:01 [trace] [system.db.CDbCommand] Querying SQL: SELECT * FROM `language` `t` WHERE code = :code LIMIT 1
in C:\xampp\htdocs\reich\protected\components\Controller.php (41)
2019/09/04 17:12:01 [trace] [system.caching.CFileCache] Serving "setting_en" from cache
in C:\xampp\htdocs\reich\protected\components\Controller.php (43)
2019/09/04 17:12:01 [trace] [system.db.CDbCommand] Querying SQL: SHOW COLUMNS FROM `prd_product`
in C:\xampp\htdocs\reich\protected\controllers\HomeController.php (493)
2019/09/04 17:12:01 [trace] [system.db.CDbCommand] Querying SQL: SHOW CREATE TABLE `prd_product`
in C:\xampp\htdocs\reich\protected\controllers\HomeController.php (493)
2019/09/04 17:12:01 [trace] [system.db.CDbCommand] Querying SQL: SHOW COLUMNS FROM `prd_category`
in C:\xampp\htdocs\reich\protected\models\PrdCategory.php (23)
in C:\xampp\htdocs\reich\protected\controllers\HomeController.php (506)
2019/09/04 17:12:01 [trace] [system.db.CDbCommand] Querying SQL: SHOW CREATE TABLE `prd_category`
in C:\xampp\htdocs\reich\protected\models\PrdCategory.php (23)
in C:\xampp\htdocs\reich\protected\controllers\HomeController.php (506)
2019/09/04 17:12:01 [trace] [system.db.ar.CActiveRecord] PrdCategory.findAll()
in C:\xampp\htdocs\reich\protected\controllers\HomeController.php (506)
2019/09/04 17:12:01 [trace] [system.db.CDbCommand] Querying SQL: SHOW COLUMNS FROM `prd_category_description`
in C:\xampp\htdocs\reich\protected\controllers\HomeController.php (506)
2019/09/04 17:12:01 [trace] [system.db.CDbCommand] Querying SQL: SHOW CREATE TABLE `prd_category_description`
in C:\xampp\htdocs\reich\protected\controllers\HomeController.php (506)
2019/09/04 17:12:01 [trace] [system.db.CDbCommand] Querying SQL: SELECT `t`.`id` AS `t0_c0`, `t`.`parent_id` AS `t0_c1`, `t`.`sort` AS `t0_c2`, `t`.`image` AS `t0_c3`, `t`.`image2` AS `t0_c4`, `t`.`image3` AS `t0_c5`, `t`.`type` AS `t0_c6`, `t`.`data` AS `t0_c7`, `description`.`id` AS `t1_c0`, `description`.`category_id` AS `t1_c1`, `description`.`language_id` AS `t1_c2`, `description`.`name` AS `t1_c3`, `description`.`desc` AS `t1_c4`, `description`.`data` AS `t1_c5` FROM `prd_category` `t`  LEFT OUTER JOIN `prd_category_description` `description` ON (`description`.`category_id`=`t`.`id`)  WHERE ((t.parent_id = :parent_id) AND (t.type = :type)) ORDER BY sort ASC LIMIT 3
in C:\xampp\htdocs\reich\protected\controllers\HomeController.php (506)
2019/09/04 17:12:01 [trace] [system.CModule] Loading "themeManager" application component
in C:\xampp\htdocs\reich\protected\controllers\HomeController.php (514)
2019/09/04 17:12:01 [trace] [system.CModule] Loading "widgetFactory" application component
in C:\xampp\htdocs\reich\protected\views\layouts\column2.php (2)
in C:\xampp\htdocs\reich\protected\controllers\HomeController.php (514)
2019/09/04 17:12:01 [trace] [system.CModule] Loading "clientScript" application component
in C:\xampp\htdocs\reich\protected\views\layouts\main.php (36)
in C:\xampp\htdocs\reich\protected\views\layouts\column2.php (11)
in C:\xampp\htdocs\reich\protected\controllers\HomeController.php (514)
2019/09/04 17:12:01 [trace] [system.CModule] Loading "assetManager" application component
in C:\xampp\htdocs\reich\protected\controllers\HomeController.php (514)
2019/09/04 17:12:34 [trace] [system.CModule] Loading "log" application component
in C:\xampp\htdocs\reich\index.php (21)
2019/09/04 17:12:34 [trace] [system.CModule] Loading "request" application component
in C:\xampp\htdocs\reich\index.php (21)
2019/09/04 17:12:34 [trace] [system.CModule] Loading "urlManager" application component
in C:\xampp\htdocs\reich\index.php (21)
2019/09/04 17:12:34 [trace] [system.CModule] Loading "cache" application component
in C:\xampp\htdocs\reich\index.php (21)
2019/09/04 17:12:34 [trace] [system.caching.CFileCache] Serving "Yii.CUrlManager.rules" from cache
in C:\xampp\htdocs\reich\index.php (21)
2019/09/04 17:12:34 [trace] [system.CModule] Loading "db" application component
in C:\xampp\htdocs\reich\protected\models\Language.php (22)
in C:\xampp\htdocs\reich\protected\components\Controller.php (41)
in C:\xampp\htdocs\reich\index.php (21)
2019/09/04 17:12:34 [trace] [system.db.CDbConnection] Opening DB connection
in C:\xampp\htdocs\reich\protected\models\Language.php (22)
in C:\xampp\htdocs\reich\protected\components\Controller.php (41)
in C:\xampp\htdocs\reich\index.php (21)
2019/09/04 17:12:34 [trace] [system.db.CDbCommand] Querying SQL: SHOW COLUMNS FROM `language`
in C:\xampp\htdocs\reich\protected\models\Language.php (22)
in C:\xampp\htdocs\reich\protected\components\Controller.php (41)
in C:\xampp\htdocs\reich\index.php (21)
2019/09/04 17:12:34 [trace] [system.db.CDbCommand] Querying SQL: SHOW CREATE TABLE `language`
in C:\xampp\htdocs\reich\protected\models\Language.php (22)
in C:\xampp\htdocs\reich\protected\components\Controller.php (41)
in C:\xampp\htdocs\reich\index.php (21)
2019/09/04 17:12:34 [trace] [system.db.ar.CActiveRecord] Language.find()
in C:\xampp\htdocs\reich\protected\components\Controller.php (41)
in C:\xampp\htdocs\reich\index.php (21)
2019/09/04 17:12:34 [trace] [system.db.CDbCommand] Querying SQL: SELECT * FROM `language` `t` WHERE code = :code LIMIT 1
in C:\xampp\htdocs\reich\protected\components\Controller.php (41)
in C:\xampp\htdocs\reich\index.php (21)
2019/09/04 17:12:34 [trace] [system.caching.CFileCache] Serving "setting_en" from cache
in C:\xampp\htdocs\reich\protected\components\Controller.php (43)
in C:\xampp\htdocs\reich\index.php (21)
2019/09/04 17:12:34 [trace] [system.CModule] Loading "themeManager" application component
in C:\xampp\htdocs\reich\protected\controllers\HomeController.php (1367)
in C:\xampp\htdocs\reich\index.php (21)
2019/09/04 17:12:34 [trace] [system.CModule] Loading "widgetFactory" application component
in C:\xampp\htdocs\reich\protected\views\layouts\column2.php (2)
in C:\xampp\htdocs\reich\protected\controllers\HomeController.php (1367)
in C:\xampp\htdocs\reich\index.php (21)
2019/09/04 17:12:34 [trace] [system.CModule] Loading "clientScript" application component
in C:\xampp\htdocs\reich\protected\views\layouts\main.php (36)
in C:\xampp\htdocs\reich\protected\views\layouts\column2.php (11)
in C:\xampp\htdocs\reich\protected\controllers\HomeController.php (1367)
2019/09/04 17:12:34 [trace] [system.CModule] Loading "assetManager" application component
in C:\xampp\htdocs\reich\protected\controllers\HomeController.php (1367)
in C:\xampp\htdocs\reich\index.php (21)
2019/09/04 17:12:35 [trace] [system.CModule] Loading "log" application component
in C:\xampp\htdocs\reich\index.php (21)
2019/09/04 17:12:35 [trace] [system.CModule] Loading "request" application component
in C:\xampp\htdocs\reich\index.php (21)
2019/09/04 17:12:35 [trace] [system.CModule] Loading "urlManager" application component
in C:\xampp\htdocs\reich\index.php (21)
2019/09/04 17:12:35 [trace] [system.CModule] Loading "cache" application component
in C:\xampp\htdocs\reich\index.php (21)
2019/09/04 17:12:35 [trace] [system.caching.CFileCache] Serving "Yii.CUrlManager.rules" from cache
in C:\xampp\htdocs\reich\index.php (21)
2019/09/04 17:12:35 [trace] [system.CModule] Loading "coreMessages" application component
in C:\xampp\htdocs\reich\index.php (21)
2019/09/04 17:12:35 [error] [exception.CHttpException.404] CHttpException: Unable to resolve the request "asset/images". in C:\xampp\htdocs\yii\framework\web\CWebApplication.php:287
Stack trace:
#0 C:\xampp\htdocs\yii\framework\web\CWebApplication.php(142): CWebApplication->runController('asset/images')
#1 C:\xampp\htdocs\yii\framework\base\CApplication.php(162): CWebApplication->processRequest()
#2 C:\xampp\htdocs\reich\index.php(21): CApplication->run()
#3 {main}
REQUEST_URI=/reich/asset/images/favicon.png
HTTP_REFERER=http://localhost/reich/home/store_locator
---
2019/09/04 17:12:35 [trace] [system.CModule] Loading "errorHandler" application component
2019/09/04 17:12:35 [trace] [system.CModule] Loading "db" application component
in C:\xampp\htdocs\reich\protected\models\Language.php (22)
in C:\xampp\htdocs\reich\protected\components\Controller.php (41)
2019/09/04 17:12:35 [trace] [system.db.CDbConnection] Opening DB connection
in C:\xampp\htdocs\reich\protected\models\Language.php (22)
in C:\xampp\htdocs\reich\protected\components\Controller.php (41)
2019/09/04 17:12:35 [trace] [system.db.CDbCommand] Querying SQL: SHOW COLUMNS FROM `language`
in C:\xampp\htdocs\reich\protected\models\Language.php (22)
in C:\xampp\htdocs\reich\protected\components\Controller.php (41)
2019/09/04 17:12:35 [trace] [system.db.CDbCommand] Querying SQL: SHOW CREATE TABLE `language`
in C:\xampp\htdocs\reich\protected\models\Language.php (22)
in C:\xampp\htdocs\reich\protected\components\Controller.php (41)
2019/09/04 17:12:35 [trace] [system.db.ar.CActiveRecord] Language.find()
in C:\xampp\htdocs\reich\protected\components\Controller.php (41)
2019/09/04 17:12:35 [trace] [system.db.CDbCommand] Querying SQL: SELECT * FROM `language` `t` WHERE code = :code LIMIT 1
in C:\xampp\htdocs\reich\protected\components\Controller.php (41)
2019/09/04 17:12:35 [trace] [system.caching.CFileCache] Serving "setting_en" from cache
in C:\xampp\htdocs\reich\protected\components\Controller.php (43)
2019/09/04 17:12:35 [trace] [system.db.CDbCommand] Querying SQL: SHOW COLUMNS FROM `prd_product`
in C:\xampp\htdocs\reich\protected\controllers\HomeController.php (493)
2019/09/04 17:12:35 [trace] [system.db.CDbCommand] Querying SQL: SHOW CREATE TABLE `prd_product`
in C:\xampp\htdocs\reich\protected\controllers\HomeController.php (493)
2019/09/04 17:12:35 [trace] [system.db.CDbCommand] Querying SQL: SHOW COLUMNS FROM `prd_category`
in C:\xampp\htdocs\reich\protected\models\PrdCategory.php (23)
in C:\xampp\htdocs\reich\protected\controllers\HomeController.php (506)
2019/09/04 17:12:35 [trace] [system.db.CDbCommand] Querying SQL: SHOW CREATE TABLE `prd_category`
in C:\xampp\htdocs\reich\protected\models\PrdCategory.php (23)
in C:\xampp\htdocs\reich\protected\controllers\HomeController.php (506)
2019/09/04 17:12:35 [trace] [system.db.ar.CActiveRecord] PrdCategory.findAll()
in C:\xampp\htdocs\reich\protected\controllers\HomeController.php (506)
2019/09/04 17:12:35 [trace] [system.db.CDbCommand] Querying SQL: SHOW COLUMNS FROM `prd_category_description`
in C:\xampp\htdocs\reich\protected\controllers\HomeController.php (506)
2019/09/04 17:12:35 [trace] [system.db.CDbCommand] Querying SQL: SHOW CREATE TABLE `prd_category_description`
in C:\xampp\htdocs\reich\protected\controllers\HomeController.php (506)
2019/09/04 17:12:35 [trace] [system.db.CDbCommand] Querying SQL: SELECT `t`.`id` AS `t0_c0`, `t`.`parent_id` AS `t0_c1`, `t`.`sort` AS `t0_c2`, `t`.`image` AS `t0_c3`, `t`.`image2` AS `t0_c4`, `t`.`image3` AS `t0_c5`, `t`.`type` AS `t0_c6`, `t`.`data` AS `t0_c7`, `description`.`id` AS `t1_c0`, `description`.`category_id` AS `t1_c1`, `description`.`language_id` AS `t1_c2`, `description`.`name` AS `t1_c3`, `description`.`desc` AS `t1_c4`, `description`.`data` AS `t1_c5` FROM `prd_category` `t`  LEFT OUTER JOIN `prd_category_description` `description` ON (`description`.`category_id`=`t`.`id`)  WHERE ((t.parent_id = :parent_id) AND (t.type = :type)) ORDER BY sort ASC LIMIT 3
in C:\xampp\htdocs\reich\protected\controllers\HomeController.php (506)
2019/09/04 17:12:35 [trace] [system.CModule] Loading "themeManager" application component
in C:\xampp\htdocs\reich\protected\controllers\HomeController.php (514)
2019/09/04 17:12:35 [trace] [system.CModule] Loading "widgetFactory" application component
in C:\xampp\htdocs\reich\protected\views\layouts\column2.php (2)
in C:\xampp\htdocs\reich\protected\controllers\HomeController.php (514)
2019/09/04 17:12:35 [trace] [system.CModule] Loading "clientScript" application component
in C:\xampp\htdocs\reich\protected\views\layouts\main.php (36)
in C:\xampp\htdocs\reich\protected\views\layouts\column2.php (11)
in C:\xampp\htdocs\reich\protected\controllers\HomeController.php (514)
2019/09/04 17:12:35 [trace] [system.CModule] Loading "assetManager" application component
in C:\xampp\htdocs\reich\protected\controllers\HomeController.php (514)
2019/09/04 17:13:00 [trace] [system.CModule] Loading "log" application component
in C:\xampp\htdocs\reich\index.php (21)
2019/09/04 17:13:00 [trace] [system.CModule] Loading "request" application component
in C:\xampp\htdocs\reich\index.php (21)
2019/09/04 17:13:00 [trace] [system.CModule] Loading "urlManager" application component
in C:\xampp\htdocs\reich\index.php (21)
2019/09/04 17:13:00 [trace] [system.CModule] Loading "cache" application component
in C:\xampp\htdocs\reich\index.php (21)
2019/09/04 17:13:00 [trace] [system.caching.CFileCache] Serving "Yii.CUrlManager.rules" from cache
in C:\xampp\htdocs\reich\index.php (21)
2019/09/04 17:13:00 [trace] [system.CModule] Loading "db" application component
in C:\xampp\htdocs\reich\protected\models\Language.php (22)
in C:\xampp\htdocs\reich\protected\components\Controller.php (41)
in C:\xampp\htdocs\reich\index.php (21)
2019/09/04 17:13:00 [trace] [system.db.CDbConnection] Opening DB connection
in C:\xampp\htdocs\reich\protected\models\Language.php (22)
in C:\xampp\htdocs\reich\protected\components\Controller.php (41)
in C:\xampp\htdocs\reich\index.php (21)
2019/09/04 17:13:00 [trace] [system.db.CDbCommand] Querying SQL: SHOW COLUMNS FROM `language`
in C:\xampp\htdocs\reich\protected\models\Language.php (22)
in C:\xampp\htdocs\reich\protected\components\Controller.php (41)
in C:\xampp\htdocs\reich\index.php (21)
2019/09/04 17:13:00 [trace] [system.db.CDbCommand] Querying SQL: SHOW CREATE TABLE `language`
in C:\xampp\htdocs\reich\protected\models\Language.php (22)
in C:\xampp\htdocs\reich\protected\components\Controller.php (41)
in C:\xampp\htdocs\reich\index.php (21)
2019/09/04 17:13:00 [trace] [system.db.ar.CActiveRecord] Language.find()
in C:\xampp\htdocs\reich\protected\components\Controller.php (41)
in C:\xampp\htdocs\reich\index.php (21)
2019/09/04 17:13:00 [trace] [system.db.CDbCommand] Querying SQL: SELECT * FROM `language` `t` WHERE code = :code LIMIT 1
in C:\xampp\htdocs\reich\protected\components\Controller.php (41)
in C:\xampp\htdocs\reich\index.php (21)
2019/09/04 17:13:00 [trace] [system.caching.CFileCache] Serving "setting_en" from cache
in C:\xampp\htdocs\reich\protected\components\Controller.php (43)
in C:\xampp\htdocs\reich\index.php (21)
2019/09/04 17:13:00 [trace] [system.CModule] Loading "themeManager" application component
in C:\xampp\htdocs\reich\protected\controllers\HomeController.php (1367)
in C:\xampp\htdocs\reich\index.php (21)
2019/09/04 17:13:00 [trace] [system.CModule] Loading "widgetFactory" application component
in C:\xampp\htdocs\reich\protected\views\layouts\column2.php (2)
in C:\xampp\htdocs\reich\protected\controllers\HomeController.php (1367)
in C:\xampp\htdocs\reich\index.php (21)
2019/09/04 17:13:00 [trace] [system.CModule] Loading "clientScript" application component
in C:\xampp\htdocs\reich\protected\views\layouts\main.php (36)
in C:\xampp\htdocs\reich\protected\views\layouts\column2.php (11)
in C:\xampp\htdocs\reich\protected\controllers\HomeController.php (1367)
2019/09/04 17:13:00 [trace] [system.CModule] Loading "assetManager" application component
in C:\xampp\htdocs\reich\protected\controllers\HomeController.php (1367)
in C:\xampp\htdocs\reich\index.php (21)
2019/09/04 17:13:00 [trace] [system.CModule] Loading "log" application component
in C:\xampp\htdocs\reich\index.php (21)
2019/09/04 17:13:00 [trace] [system.CModule] Loading "request" application component
in C:\xampp\htdocs\reich\index.php (21)
2019/09/04 17:13:00 [trace] [system.CModule] Loading "urlManager" application component
in C:\xampp\htdocs\reich\index.php (21)
2019/09/04 17:13:00 [trace] [system.CModule] Loading "cache" application component
in C:\xampp\htdocs\reich\index.php (21)
2019/09/04 17:13:00 [trace] [system.caching.CFileCache] Serving "Yii.CUrlManager.rules" from cache
in C:\xampp\htdocs\reich\index.php (21)
2019/09/04 17:13:00 [trace] [system.CModule] Loading "coreMessages" application component
in C:\xampp\htdocs\reich\index.php (21)
2019/09/04 17:13:00 [error] [exception.CHttpException.404] CHttpException: Unable to resolve the request "asset/images". in C:\xampp\htdocs\yii\framework\web\CWebApplication.php:287
Stack trace:
#0 C:\xampp\htdocs\yii\framework\web\CWebApplication.php(142): CWebApplication->runController('asset/images')
#1 C:\xampp\htdocs\yii\framework\base\CApplication.php(162): CWebApplication->processRequest()
#2 C:\xampp\htdocs\reich\index.php(21): CApplication->run()
#3 {main}
REQUEST_URI=/reich/asset/images/favicon.png
HTTP_REFERER=http://localhost/reich/home/store_locator
---
2019/09/04 17:13:00 [trace] [system.CModule] Loading "errorHandler" application component
2019/09/04 17:13:00 [trace] [system.CModule] Loading "db" application component
in C:\xampp\htdocs\reich\protected\models\Language.php (22)
in C:\xampp\htdocs\reich\protected\components\Controller.php (41)
2019/09/04 17:13:00 [trace] [system.db.CDbConnection] Opening DB connection
in C:\xampp\htdocs\reich\protected\models\Language.php (22)
in C:\xampp\htdocs\reich\protected\components\Controller.php (41)
2019/09/04 17:13:00 [trace] [system.db.CDbCommand] Querying SQL: SHOW COLUMNS FROM `language`
in C:\xampp\htdocs\reich\protected\models\Language.php (22)
in C:\xampp\htdocs\reich\protected\components\Controller.php (41)
2019/09/04 17:13:00 [trace] [system.db.CDbCommand] Querying SQL: SHOW CREATE TABLE `language`
in C:\xampp\htdocs\reich\protected\models\Language.php (22)
in C:\xampp\htdocs\reich\protected\components\Controller.php (41)
2019/09/04 17:13:00 [trace] [system.db.ar.CActiveRecord] Language.find()
in C:\xampp\htdocs\reich\protected\components\Controller.php (41)
2019/09/04 17:13:00 [trace] [system.db.CDbCommand] Querying SQL: SELECT * FROM `language` `t` WHERE code = :code LIMIT 1
in C:\xampp\htdocs\reich\protected\components\Controller.php (41)
2019/09/04 17:13:00 [trace] [system.caching.CFileCache] Serving "setting_en" from cache
in C:\xampp\htdocs\reich\protected\components\Controller.php (43)
2019/09/04 17:13:00 [trace] [system.db.CDbCommand] Querying SQL: SHOW COLUMNS FROM `prd_product`
in C:\xampp\htdocs\reich\protected\controllers\HomeController.php (493)
2019/09/04 17:13:00 [trace] [system.db.CDbCommand] Querying SQL: SHOW CREATE TABLE `prd_product`
in C:\xampp\htdocs\reich\protected\controllers\HomeController.php (493)
2019/09/04 17:13:00 [trace] [system.db.CDbCommand] Querying SQL: SHOW COLUMNS FROM `prd_category`
in C:\xampp\htdocs\reich\protected\models\PrdCategory.php (23)
in C:\xampp\htdocs\reich\protected\controllers\HomeController.php (506)
2019/09/04 17:13:00 [trace] [system.db.CDbCommand] Querying SQL: SHOW CREATE TABLE `prd_category`
in C:\xampp\htdocs\reich\protected\models\PrdCategory.php (23)
in C:\xampp\htdocs\reich\protected\controllers\HomeController.php (506)
2019/09/04 17:13:00 [trace] [system.db.ar.CActiveRecord] PrdCategory.findAll()
in C:\xampp\htdocs\reich\protected\controllers\HomeController.php (506)
2019/09/04 17:13:00 [trace] [system.db.CDbCommand] Querying SQL: SHOW COLUMNS FROM `prd_category_description`
in C:\xampp\htdocs\reich\protected\controllers\HomeController.php (506)
2019/09/04 17:13:00 [trace] [system.db.CDbCommand] Querying SQL: SHOW CREATE TABLE `prd_category_description`
in C:\xampp\htdocs\reich\protected\controllers\HomeController.php (506)
2019/09/04 17:13:00 [trace] [system.db.CDbCommand] Querying SQL: SELECT `t`.`id` AS `t0_c0`, `t`.`parent_id` AS `t0_c1`, `t`.`sort` AS `t0_c2`, `t`.`image` AS `t0_c3`, `t`.`image2` AS `t0_c4`, `t`.`image3` AS `t0_c5`, `t`.`type` AS `t0_c6`, `t`.`data` AS `t0_c7`, `description`.`id` AS `t1_c0`, `description`.`category_id` AS `t1_c1`, `description`.`language_id` AS `t1_c2`, `description`.`name` AS `t1_c3`, `description`.`desc` AS `t1_c4`, `description`.`data` AS `t1_c5` FROM `prd_category` `t`  LEFT OUTER JOIN `prd_category_description` `description` ON (`description`.`category_id`=`t`.`id`)  WHERE ((t.parent_id = :parent_id) AND (t.type = :type)) ORDER BY sort ASC LIMIT 3
in C:\xampp\htdocs\reich\protected\controllers\HomeController.php (506)
2019/09/04 17:13:00 [trace] [system.CModule] Loading "themeManager" application component
in C:\xampp\htdocs\reich\protected\controllers\HomeController.php (514)
2019/09/04 17:13:00 [trace] [system.CModule] Loading "widgetFactory" application component
in C:\xampp\htdocs\reich\protected\views\layouts\column2.php (2)
in C:\xampp\htdocs\reich\protected\controllers\HomeController.php (514)
2019/09/04 17:13:00 [trace] [system.CModule] Loading "clientScript" application component
in C:\xampp\htdocs\reich\protected\views\layouts\main.php (36)
in C:\xampp\htdocs\reich\protected\views\layouts\column2.php (11)
in C:\xampp\htdocs\reich\protected\controllers\HomeController.php (514)
2019/09/04 17:13:00 [trace] [system.CModule] Loading "assetManager" application component
in C:\xampp\htdocs\reich\protected\controllers\HomeController.php (514)
2019/09/04 17:13:29 [trace] [system.CModule] Loading "log" application component
in C:\xampp\htdocs\reich\index.php (21)
2019/09/04 17:13:29 [trace] [system.CModule] Loading "request" application component
in C:\xampp\htdocs\reich\index.php (21)
2019/09/04 17:13:29 [trace] [system.CModule] Loading "urlManager" application component
in C:\xampp\htdocs\reich\index.php (21)
2019/09/04 17:13:29 [trace] [system.CModule] Loading "cache" application component
in C:\xampp\htdocs\reich\index.php (21)
2019/09/04 17:13:29 [trace] [system.caching.CFileCache] Serving "Yii.CUrlManager.rules" from cache
in C:\xampp\htdocs\reich\index.php (21)
2019/09/04 17:13:29 [trace] [system.CModule] Loading "db" application component
in C:\xampp\htdocs\reich\protected\models\Language.php (22)
in C:\xampp\htdocs\reich\protected\components\Controller.php (41)
in C:\xampp\htdocs\reich\index.php (21)
2019/09/04 17:13:29 [trace] [system.db.CDbConnection] Opening DB connection
in C:\xampp\htdocs\reich\protected\models\Language.php (22)
in C:\xampp\htdocs\reich\protected\components\Controller.php (41)
in C:\xampp\htdocs\reich\index.php (21)
2019/09/04 17:13:29 [trace] [system.db.CDbCommand] Querying SQL: SHOW COLUMNS FROM `language`
in C:\xampp\htdocs\reich\protected\models\Language.php (22)
in C:\xampp\htdocs\reich\protected\components\Controller.php (41)
in C:\xampp\htdocs\reich\index.php (21)
2019/09/04 17:13:29 [trace] [system.db.CDbCommand] Querying SQL: SHOW CREATE TABLE `language`
in C:\xampp\htdocs\reich\protected\models\Language.php (22)
in C:\xampp\htdocs\reich\protected\components\Controller.php (41)
in C:\xampp\htdocs\reich\index.php (21)
2019/09/04 17:13:29 [trace] [system.db.ar.CActiveRecord] Language.find()
in C:\xampp\htdocs\reich\protected\components\Controller.php (41)
in C:\xampp\htdocs\reich\index.php (21)
2019/09/04 17:13:29 [trace] [system.db.CDbCommand] Querying SQL: SELECT * FROM `language` `t` WHERE code = :code LIMIT 1
in C:\xampp\htdocs\reich\protected\components\Controller.php (41)
in C:\xampp\htdocs\reich\index.php (21)
2019/09/04 17:13:29 [trace] [system.caching.CFileCache] Serving "setting_en" from cache
in C:\xampp\htdocs\reich\protected\components\Controller.php (43)
in C:\xampp\htdocs\reich\index.php (21)
2019/09/04 17:13:29 [trace] [system.CModule] Loading "themeManager" application component
in C:\xampp\htdocs\reich\protected\controllers\HomeController.php (1367)
in C:\xampp\htdocs\reich\index.php (21)
2019/09/04 17:13:29 [trace] [system.CModule] Loading "widgetFactory" application component
in C:\xampp\htdocs\reich\protected\views\layouts\column2.php (2)
in C:\xampp\htdocs\reich\protected\controllers\HomeController.php (1367)
in C:\xampp\htdocs\reich\index.php (21)
2019/09/04 17:13:29 [trace] [system.CModule] Loading "clientScript" application component
in C:\xampp\htdocs\reich\protected\views\layouts\main.php (36)
in C:\xampp\htdocs\reich\protected\views\layouts\column2.php (11)
in C:\xampp\htdocs\reich\protected\controllers\HomeController.php (1367)
2019/09/04 17:13:29 [trace] [system.CModule] Loading "assetManager" application component
in C:\xampp\htdocs\reich\protected\controllers\HomeController.php (1367)
in C:\xampp\htdocs\reich\index.php (21)
2019/09/04 17:13:29 [trace] [system.CModule] Loading "log" application component
in C:\xampp\htdocs\reich\index.php (21)
2019/09/04 17:13:29 [trace] [system.CModule] Loading "request" application component
in C:\xampp\htdocs\reich\index.php (21)
2019/09/04 17:13:29 [trace] [system.CModule] Loading "urlManager" application component
in C:\xampp\htdocs\reich\index.php (21)
2019/09/04 17:13:29 [trace] [system.CModule] Loading "cache" application component
in C:\xampp\htdocs\reich\index.php (21)
2019/09/04 17:13:29 [trace] [system.caching.CFileCache] Serving "Yii.CUrlManager.rules" from cache
in C:\xampp\htdocs\reich\index.php (21)
2019/09/04 17:13:29 [trace] [system.CModule] Loading "coreMessages" application component
in C:\xampp\htdocs\reich\index.php (21)
2019/09/04 17:13:29 [error] [exception.CHttpException.404] CHttpException: Unable to resolve the request "asset/images". in C:\xampp\htdocs\yii\framework\web\CWebApplication.php:287
Stack trace:
#0 C:\xampp\htdocs\yii\framework\web\CWebApplication.php(142): CWebApplication->runController('asset/images')
#1 C:\xampp\htdocs\yii\framework\base\CApplication.php(162): CWebApplication->processRequest()
#2 C:\xampp\htdocs\reich\index.php(21): CApplication->run()
#3 {main}
REQUEST_URI=/reich/asset/images/favicon.png
HTTP_REFERER=http://localhost/reich/home/store_locator
---
2019/09/04 17:13:29 [trace] [system.CModule] Loading "errorHandler" application component
2019/09/04 17:13:29 [trace] [system.CModule] Loading "db" application component
in C:\xampp\htdocs\reich\protected\models\Language.php (22)
in C:\xampp\htdocs\reich\protected\components\Controller.php (41)
2019/09/04 17:13:29 [trace] [system.db.CDbConnection] Opening DB connection
in C:\xampp\htdocs\reich\protected\models\Language.php (22)
in C:\xampp\htdocs\reich\protected\components\Controller.php (41)
2019/09/04 17:13:29 [trace] [system.db.CDbCommand] Querying SQL: SHOW COLUMNS FROM `language`
in C:\xampp\htdocs\reich\protected\models\Language.php (22)
in C:\xampp\htdocs\reich\protected\components\Controller.php (41)
2019/09/04 17:13:29 [trace] [system.db.CDbCommand] Querying SQL: SHOW CREATE TABLE `language`
in C:\xampp\htdocs\reich\protected\models\Language.php (22)
in C:\xampp\htdocs\reich\protected\components\Controller.php (41)
2019/09/04 17:13:29 [trace] [system.db.ar.CActiveRecord] Language.find()
in C:\xampp\htdocs\reich\protected\components\Controller.php (41)
2019/09/04 17:13:29 [trace] [system.db.CDbCommand] Querying SQL: SELECT * FROM `language` `t` WHERE code = :code LIMIT 1
in C:\xampp\htdocs\reich\protected\components\Controller.php (41)
2019/09/04 17:13:29 [trace] [system.caching.CFileCache] Serving "setting_en" from cache
in C:\xampp\htdocs\reich\protected\components\Controller.php (43)
2019/09/04 17:13:29 [trace] [system.db.CDbCommand] Querying SQL: SHOW COLUMNS FROM `prd_product`
in C:\xampp\htdocs\reich\protected\controllers\HomeController.php (493)
2019/09/04 17:13:29 [trace] [system.db.CDbCommand] Querying SQL: SHOW CREATE TABLE `prd_product`
in C:\xampp\htdocs\reich\protected\controllers\HomeController.php (493)
2019/09/04 17:13:29 [trace] [system.db.CDbCommand] Querying SQL: SHOW COLUMNS FROM `prd_category`
in C:\xampp\htdocs\reich\protected\models\PrdCategory.php (23)
in C:\xampp\htdocs\reich\protected\controllers\HomeController.php (506)
2019/09/04 17:13:29 [trace] [system.db.CDbCommand] Querying SQL: SHOW CREATE TABLE `prd_category`
in C:\xampp\htdocs\reich\protected\models\PrdCategory.php (23)
in C:\xampp\htdocs\reich\protected\controllers\HomeController.php (506)
2019/09/04 17:13:29 [trace] [system.db.ar.CActiveRecord] PrdCategory.findAll()
in C:\xampp\htdocs\reich\protected\controllers\HomeController.php (506)
2019/09/04 17:13:29 [trace] [system.db.CDbCommand] Querying SQL: SHOW COLUMNS FROM `prd_category_description`
in C:\xampp\htdocs\reich\protected\controllers\HomeController.php (506)
2019/09/04 17:13:29 [trace] [system.db.CDbCommand] Querying SQL: SHOW CREATE TABLE `prd_category_description`
in C:\xampp\htdocs\reich\protected\controllers\HomeController.php (506)
2019/09/04 17:13:29 [trace] [system.db.CDbCommand] Querying SQL: SELECT `t`.`id` AS `t0_c0`, `t`.`parent_id` AS `t0_c1`, `t`.`sort` AS `t0_c2`, `t`.`image` AS `t0_c3`, `t`.`image2` AS `t0_c4`, `t`.`image3` AS `t0_c5`, `t`.`type` AS `t0_c6`, `t`.`data` AS `t0_c7`, `description`.`id` AS `t1_c0`, `description`.`category_id` AS `t1_c1`, `description`.`language_id` AS `t1_c2`, `description`.`name` AS `t1_c3`, `description`.`desc` AS `t1_c4`, `description`.`data` AS `t1_c5` FROM `prd_category` `t`  LEFT OUTER JOIN `prd_category_description` `description` ON (`description`.`category_id`=`t`.`id`)  WHERE ((t.parent_id = :parent_id) AND (t.type = :type)) ORDER BY sort ASC LIMIT 3
in C:\xampp\htdocs\reich\protected\controllers\HomeController.php (506)
2019/09/04 17:13:29 [trace] [system.CModule] Loading "themeManager" application component
in C:\xampp\htdocs\reich\protected\controllers\HomeController.php (514)
2019/09/04 17:13:29 [trace] [system.CModule] Loading "widgetFactory" application component
in C:\xampp\htdocs\reich\protected\views\layouts\column2.php (2)
in C:\xampp\htdocs\reich\protected\controllers\HomeController.php (514)
2019/09/04 17:13:29 [trace] [system.CModule] Loading "clientScript" application component
in C:\xampp\htdocs\reich\protected\views\layouts\main.php (36)
in C:\xampp\htdocs\reich\protected\views\layouts\column2.php (11)
in C:\xampp\htdocs\reich\protected\controllers\HomeController.php (514)
2019/09/04 17:13:29 [trace] [system.CModule] Loading "assetManager" application component
in C:\xampp\htdocs\reich\protected\controllers\HomeController.php (514)
2019/09/04 17:13:45 [trace] [system.CModule] Loading "log" application component
in C:\xampp\htdocs\reich\index.php (21)
2019/09/04 17:13:45 [trace] [system.CModule] Loading "request" application component
in C:\xampp\htdocs\reich\index.php (21)
2019/09/04 17:13:45 [trace] [system.CModule] Loading "urlManager" application component
in C:\xampp\htdocs\reich\index.php (21)
2019/09/04 17:13:45 [trace] [system.CModule] Loading "cache" application component
in C:\xampp\htdocs\reich\index.php (21)
2019/09/04 17:13:45 [trace] [system.caching.CFileCache] Serving "Yii.CUrlManager.rules" from cache
in C:\xampp\htdocs\reich\index.php (21)
2019/09/04 17:13:45 [trace] [system.CModule] Loading "db" application component
in C:\xampp\htdocs\reich\protected\models\Language.php (22)
in C:\xampp\htdocs\reich\protected\components\Controller.php (41)
in C:\xampp\htdocs\reich\index.php (21)
2019/09/04 17:13:45 [trace] [system.db.CDbConnection] Opening DB connection
in C:\xampp\htdocs\reich\protected\models\Language.php (22)
in C:\xampp\htdocs\reich\protected\components\Controller.php (41)
in C:\xampp\htdocs\reich\index.php (21)
2019/09/04 17:13:45 [trace] [system.db.CDbCommand] Querying SQL: SHOW COLUMNS FROM `language`
in C:\xampp\htdocs\reich\protected\models\Language.php (22)
in C:\xampp\htdocs\reich\protected\components\Controller.php (41)
in C:\xampp\htdocs\reich\index.php (21)
2019/09/04 17:13:45 [trace] [system.db.CDbCommand] Querying SQL: SHOW CREATE TABLE `language`
in C:\xampp\htdocs\reich\protected\models\Language.php (22)
in C:\xampp\htdocs\reich\protected\components\Controller.php (41)
in C:\xampp\htdocs\reich\index.php (21)
2019/09/04 17:13:45 [trace] [system.db.ar.CActiveRecord] Language.find()
in C:\xampp\htdocs\reich\protected\components\Controller.php (41)
in C:\xampp\htdocs\reich\index.php (21)
2019/09/04 17:13:45 [trace] [system.db.CDbCommand] Querying SQL: SELECT * FROM `language` `t` WHERE code = :code LIMIT 1
in C:\xampp\htdocs\reich\protected\components\Controller.php (41)
in C:\xampp\htdocs\reich\index.php (21)
2019/09/04 17:13:45 [trace] [system.caching.CFileCache] Serving "setting_en" from cache
in C:\xampp\htdocs\reich\protected\components\Controller.php (43)
in C:\xampp\htdocs\reich\index.php (21)
2019/09/04 17:13:45 [trace] [system.CModule] Loading "themeManager" application component
in C:\xampp\htdocs\reich\protected\controllers\HomeController.php (1367)
in C:\xampp\htdocs\reich\index.php (21)
2019/09/04 17:13:45 [trace] [system.CModule] Loading "widgetFactory" application component
in C:\xampp\htdocs\reich\protected\views\layouts\column2.php (2)
in C:\xampp\htdocs\reich\protected\controllers\HomeController.php (1367)
in C:\xampp\htdocs\reich\index.php (21)
2019/09/04 17:13:45 [trace] [system.CModule] Loading "clientScript" application component
in C:\xampp\htdocs\reich\protected\views\layouts\main.php (36)
in C:\xampp\htdocs\reich\protected\views\layouts\column2.php (11)
in C:\xampp\htdocs\reich\protected\controllers\HomeController.php (1367)
2019/09/04 17:13:45 [trace] [system.CModule] Loading "assetManager" application component
in C:\xampp\htdocs\reich\protected\controllers\HomeController.php (1367)
in C:\xampp\htdocs\reich\index.php (21)
2019/09/04 17:13:46 [trace] [system.CModule] Loading "log" application component
in C:\xampp\htdocs\reich\index.php (21)
2019/09/04 17:13:46 [trace] [system.CModule] Loading "request" application component
in C:\xampp\htdocs\reich\index.php (21)
2019/09/04 17:13:46 [trace] [system.CModule] Loading "urlManager" application component
in C:\xampp\htdocs\reich\index.php (21)
2019/09/04 17:13:46 [trace] [system.CModule] Loading "cache" application component
in C:\xampp\htdocs\reich\index.php (21)
2019/09/04 17:13:46 [trace] [system.caching.CFileCache] Serving "Yii.CUrlManager.rules" from cache
in C:\xampp\htdocs\reich\index.php (21)
2019/09/04 17:13:46 [trace] [system.CModule] Loading "coreMessages" application component
in C:\xampp\htdocs\reich\index.php (21)
2019/09/04 17:13:46 [error] [exception.CHttpException.404] CHttpException: Unable to resolve the request "asset/images". in C:\xampp\htdocs\yii\framework\web\CWebApplication.php:287
Stack trace:
#0 C:\xampp\htdocs\yii\framework\web\CWebApplication.php(142): CWebApplication->runController('asset/images')
#1 C:\xampp\htdocs\yii\framework\base\CApplication.php(162): CWebApplication->processRequest()
#2 C:\xampp\htdocs\reich\index.php(21): CApplication->run()
#3 {main}
REQUEST_URI=/reich/asset/images/favicon.png
HTTP_REFERER=http://localhost/reich/home/store_locator
---
2019/09/04 17:13:46 [trace] [system.CModule] Loading "errorHandler" application component
2019/09/04 17:13:46 [trace] [system.CModule] Loading "db" application component
in C:\xampp\htdocs\reich\protected\models\Language.php (22)
in C:\xampp\htdocs\reich\protected\components\Controller.php (41)
2019/09/04 17:13:46 [trace] [system.db.CDbConnection] Opening DB connection
in C:\xampp\htdocs\reich\protected\models\Language.php (22)
in C:\xampp\htdocs\reich\protected\components\Controller.php (41)
2019/09/04 17:13:46 [trace] [system.db.CDbCommand] Querying SQL: SHOW COLUMNS FROM `language`
in C:\xampp\htdocs\reich\protected\models\Language.php (22)
in C:\xampp\htdocs\reich\protected\components\Controller.php (41)
2019/09/04 17:13:46 [trace] [system.db.CDbCommand] Querying SQL: SHOW CREATE TABLE `language`
in C:\xampp\htdocs\reich\protected\models\Language.php (22)
in C:\xampp\htdocs\reich\protected\components\Controller.php (41)
2019/09/04 17:13:46 [trace] [system.db.ar.CActiveRecord] Language.find()
in C:\xampp\htdocs\reich\protected\components\Controller.php (41)
2019/09/04 17:13:46 [trace] [system.db.CDbCommand] Querying SQL: SELECT * FROM `language` `t` WHERE code = :code LIMIT 1
in C:\xampp\htdocs\reich\protected\components\Controller.php (41)
2019/09/04 17:13:46 [trace] [system.caching.CFileCache] Serving "setting_en" from cache
in C:\xampp\htdocs\reich\protected\components\Controller.php (43)
2019/09/04 17:13:46 [trace] [system.db.CDbCommand] Querying SQL: SHOW COLUMNS FROM `prd_product`
in C:\xampp\htdocs\reich\protected\controllers\HomeController.php (493)
2019/09/04 17:13:46 [trace] [system.db.CDbCommand] Querying SQL: SHOW CREATE TABLE `prd_product`
in C:\xampp\htdocs\reich\protected\controllers\HomeController.php (493)
2019/09/04 17:13:46 [trace] [system.db.CDbCommand] Querying SQL: SHOW COLUMNS FROM `prd_category`
in C:\xampp\htdocs\reich\protected\models\PrdCategory.php (23)
in C:\xampp\htdocs\reich\protected\controllers\HomeController.php (506)
2019/09/04 17:13:46 [trace] [system.db.CDbCommand] Querying SQL: SHOW CREATE TABLE `prd_category`
in C:\xampp\htdocs\reich\protected\models\PrdCategory.php (23)
in C:\xampp\htdocs\reich\protected\controllers\HomeController.php (506)
2019/09/04 17:13:46 [trace] [system.db.ar.CActiveRecord] PrdCategory.findAll()
in C:\xampp\htdocs\reich\protected\controllers\HomeController.php (506)
2019/09/04 17:13:46 [trace] [system.db.CDbCommand] Querying SQL: SHOW COLUMNS FROM `prd_category_description`
in C:\xampp\htdocs\reich\protected\controllers\HomeController.php (506)
2019/09/04 17:13:46 [trace] [system.db.CDbCommand] Querying SQL: SHOW CREATE TABLE `prd_category_description`
in C:\xampp\htdocs\reich\protected\controllers\HomeController.php (506)
2019/09/04 17:13:46 [trace] [system.db.CDbCommand] Querying SQL: SELECT `t`.`id` AS `t0_c0`, `t`.`parent_id` AS `t0_c1`, `t`.`sort` AS `t0_c2`, `t`.`image` AS `t0_c3`, `t`.`image2` AS `t0_c4`, `t`.`image3` AS `t0_c5`, `t`.`type` AS `t0_c6`, `t`.`data` AS `t0_c7`, `description`.`id` AS `t1_c0`, `description`.`category_id` AS `t1_c1`, `description`.`language_id` AS `t1_c2`, `description`.`name` AS `t1_c3`, `description`.`desc` AS `t1_c4`, `description`.`data` AS `t1_c5` FROM `prd_category` `t`  LEFT OUTER JOIN `prd_category_description` `description` ON (`description`.`category_id`=`t`.`id`)  WHERE ((t.parent_id = :parent_id) AND (t.type = :type)) ORDER BY sort ASC LIMIT 3
in C:\xampp\htdocs\reich\protected\controllers\HomeController.php (506)
2019/09/04 17:13:46 [trace] [system.CModule] Loading "themeManager" application component
in C:\xampp\htdocs\reich\protected\controllers\HomeController.php (514)
2019/09/04 17:13:46 [trace] [system.CModule] Loading "widgetFactory" application component
in C:\xampp\htdocs\reich\protected\views\layouts\column2.php (2)
in C:\xampp\htdocs\reich\protected\controllers\HomeController.php (514)
2019/09/04 17:13:46 [trace] [system.CModule] Loading "clientScript" application component
in C:\xampp\htdocs\reich\protected\views\layouts\main.php (36)
in C:\xampp\htdocs\reich\protected\views\layouts\column2.php (11)
in C:\xampp\htdocs\reich\protected\controllers\HomeController.php (514)
2019/09/04 17:13:46 [trace] [system.CModule] Loading "assetManager" application component
in C:\xampp\htdocs\reich\protected\controllers\HomeController.php (514)
2019/09/04 17:14:16 [trace] [system.CModule] Loading "log" application component
in C:\xampp\htdocs\reich\index.php (21)
2019/09/04 17:14:16 [trace] [system.CModule] Loading "request" application component
in C:\xampp\htdocs\reich\index.php (21)
2019/09/04 17:14:16 [trace] [system.CModule] Loading "urlManager" application component
in C:\xampp\htdocs\reich\index.php (21)
2019/09/04 17:14:16 [trace] [system.CModule] Loading "cache" application component
in C:\xampp\htdocs\reich\index.php (21)
2019/09/04 17:14:16 [trace] [system.caching.CFileCache] Serving "Yii.CUrlManager.rules" from cache
in C:\xampp\htdocs\reich\index.php (21)
2019/09/04 17:14:16 [trace] [system.CModule] Loading "db" application component
in C:\xampp\htdocs\reich\protected\models\Language.php (22)
in C:\xampp\htdocs\reich\protected\components\Controller.php (41)
in C:\xampp\htdocs\reich\index.php (21)
2019/09/04 17:14:16 [trace] [system.db.CDbConnection] Opening DB connection
in C:\xampp\htdocs\reich\protected\models\Language.php (22)
in C:\xampp\htdocs\reich\protected\components\Controller.php (41)
in C:\xampp\htdocs\reich\index.php (21)
2019/09/04 17:14:16 [trace] [system.db.CDbCommand] Querying SQL: SHOW COLUMNS FROM `language`
in C:\xampp\htdocs\reich\protected\models\Language.php (22)
in C:\xampp\htdocs\reich\protected\components\Controller.php (41)
in C:\xampp\htdocs\reich\index.php (21)
2019/09/04 17:14:16 [trace] [system.db.CDbCommand] Querying SQL: SHOW CREATE TABLE `language`
in C:\xampp\htdocs\reich\protected\models\Language.php (22)
in C:\xampp\htdocs\reich\protected\components\Controller.php (41)
in C:\xampp\htdocs\reich\index.php (21)
2019/09/04 17:14:16 [trace] [system.db.ar.CActiveRecord] Language.find()
in C:\xampp\htdocs\reich\protected\components\Controller.php (41)
in C:\xampp\htdocs\reich\index.php (21)
2019/09/04 17:14:16 [trace] [system.db.CDbCommand] Querying SQL: SELECT * FROM `language` `t` WHERE code = :code LIMIT 1
in C:\xampp\htdocs\reich\protected\components\Controller.php (41)
in C:\xampp\htdocs\reich\index.php (21)
2019/09/04 17:14:16 [trace] [system.caching.CFileCache] Serving "setting_en" from cache
in C:\xampp\htdocs\reich\protected\components\Controller.php (43)
in C:\xampp\htdocs\reich\index.php (21)
2019/09/04 17:14:16 [trace] [system.CModule] Loading "themeManager" application component
in C:\xampp\htdocs\reich\protected\controllers\HomeController.php (527)
in C:\xampp\htdocs\reich\index.php (21)
2019/09/04 17:14:16 [trace] [system.CModule] Loading "widgetFactory" application component
in C:\xampp\htdocs\reich\protected\views\layouts\column2.php (2)
in C:\xampp\htdocs\reich\protected\controllers\HomeController.php (527)
in C:\xampp\htdocs\reich\index.php (21)
2019/09/04 17:14:16 [trace] [system.CModule] Loading "clientScript" application component
in C:\xampp\htdocs\reich\protected\views\layouts\main.php (36)
in C:\xampp\htdocs\reich\protected\views\layouts\column2.php (11)
in C:\xampp\htdocs\reich\protected\controllers\HomeController.php (527)
2019/09/04 17:14:16 [trace] [system.CModule] Loading "assetManager" application component
in C:\xampp\htdocs\reich\protected\controllers\HomeController.php (527)
in C:\xampp\htdocs\reich\index.php (21)
2019/09/04 17:14:38 [trace] [system.CModule] Loading "log" application component
in C:\xampp\htdocs\reich\index.php (21)
2019/09/04 17:14:38 [trace] [system.CModule] Loading "request" application component
in C:\xampp\htdocs\reich\index.php (21)
2019/09/04 17:14:38 [trace] [system.CModule] Loading "urlManager" application component
in C:\xampp\htdocs\reich\index.php (21)
2019/09/04 17:14:38 [trace] [system.CModule] Loading "cache" application component
in C:\xampp\htdocs\reich\index.php (21)
2019/09/04 17:14:38 [trace] [system.caching.CFileCache] Serving "Yii.CUrlManager.rules" from cache
in C:\xampp\htdocs\reich\index.php (21)
2019/09/04 17:14:38 [trace] [system.CModule] Loading "db" application component
in C:\xampp\htdocs\reich\protected\models\Language.php (22)
in C:\xampp\htdocs\reich\protected\components\Controller.php (41)
in C:\xampp\htdocs\reich\index.php (21)
2019/09/04 17:14:38 [trace] [system.db.CDbConnection] Opening DB connection
in C:\xampp\htdocs\reich\protected\models\Language.php (22)
in C:\xampp\htdocs\reich\protected\components\Controller.php (41)
in C:\xampp\htdocs\reich\index.php (21)
2019/09/04 17:14:38 [trace] [system.db.CDbCommand] Querying SQL: SHOW COLUMNS FROM `language`
in C:\xampp\htdocs\reich\protected\models\Language.php (22)
in C:\xampp\htdocs\reich\protected\components\Controller.php (41)
in C:\xampp\htdocs\reich\index.php (21)
2019/09/04 17:14:38 [trace] [system.db.CDbCommand] Querying SQL: SHOW CREATE TABLE `language`
in C:\xampp\htdocs\reich\protected\models\Language.php (22)
in C:\xampp\htdocs\reich\protected\components\Controller.php (41)
in C:\xampp\htdocs\reich\index.php (21)
2019/09/04 17:14:38 [trace] [system.db.ar.CActiveRecord] Language.find()
in C:\xampp\htdocs\reich\protected\components\Controller.php (41)
in C:\xampp\htdocs\reich\index.php (21)
2019/09/04 17:14:38 [trace] [system.db.CDbCommand] Querying SQL: SELECT * FROM `language` `t` WHERE code = :code LIMIT 1
in C:\xampp\htdocs\reich\protected\components\Controller.php (41)
in C:\xampp\htdocs\reich\index.php (21)
2019/09/04 17:14:38 [trace] [system.caching.CFileCache] Serving "setting_en" from cache
in C:\xampp\htdocs\reich\protected\components\Controller.php (43)
in C:\xampp\htdocs\reich\index.php (21)
2019/09/04 17:14:38 [trace] [system.CModule] Loading "themeManager" application component
in C:\xampp\htdocs\reich\protected\controllers\HomeController.php (1367)
in C:\xampp\htdocs\reich\index.php (21)
2019/09/04 17:14:38 [trace] [system.CModule] Loading "widgetFactory" application component
in C:\xampp\htdocs\reich\protected\views\layouts\column2.php (2)
in C:\xampp\htdocs\reich\protected\controllers\HomeController.php (1367)
in C:\xampp\htdocs\reich\index.php (21)
2019/09/04 17:14:38 [trace] [system.CModule] Loading "clientScript" application component
in C:\xampp\htdocs\reich\protected\views\layouts\main.php (36)
in C:\xampp\htdocs\reich\protected\views\layouts\column2.php (11)
in C:\xampp\htdocs\reich\protected\controllers\HomeController.php (1367)
2019/09/04 17:14:38 [trace] [system.CModule] Loading "assetManager" application component
in C:\xampp\htdocs\reich\protected\controllers\HomeController.php (1367)
in C:\xampp\htdocs\reich\index.php (21)
2019/09/04 17:14:38 [trace] [system.CModule] Loading "log" application component
in C:\xampp\htdocs\reich\index.php (21)
2019/09/04 17:14:38 [trace] [system.CModule] Loading "request" application component
in C:\xampp\htdocs\reich\index.php (21)
2019/09/04 17:14:38 [trace] [system.CModule] Loading "urlManager" application component
in C:\xampp\htdocs\reich\index.php (21)
2019/09/04 17:14:38 [trace] [system.CModule] Loading "cache" application component
in C:\xampp\htdocs\reich\index.php (21)
2019/09/04 17:14:38 [trace] [system.caching.CFileCache] Serving "Yii.CUrlManager.rules" from cache
in C:\xampp\htdocs\reich\index.php (21)
2019/09/04 17:14:38 [trace] [system.CModule] Loading "coreMessages" application component
in C:\xampp\htdocs\reich\index.php (21)
2019/09/04 17:14:38 [error] [exception.CHttpException.404] CHttpException: Unable to resolve the request "asset/images". in C:\xampp\htdocs\yii\framework\web\CWebApplication.php:287
Stack trace:
#0 C:\xampp\htdocs\yii\framework\web\CWebApplication.php(142): CWebApplication->runController('asset/images')
#1 C:\xampp\htdocs\yii\framework\base\CApplication.php(162): CWebApplication->processRequest()
#2 C:\xampp\htdocs\reich\index.php(21): CApplication->run()
#3 {main}
REQUEST_URI=/reich/asset/images/favicon.png
HTTP_REFERER=http://localhost/reich/home/store_locator
---
2019/09/04 17:14:38 [trace] [system.CModule] Loading "errorHandler" application component
2019/09/04 17:14:38 [trace] [system.CModule] Loading "db" application component
in C:\xampp\htdocs\reich\protected\models\Language.php (22)
in C:\xampp\htdocs\reich\protected\components\Controller.php (41)
2019/09/04 17:14:38 [trace] [system.db.CDbConnection] Opening DB connection
in C:\xampp\htdocs\reich\protected\models\Language.php (22)
in C:\xampp\htdocs\reich\protected\components\Controller.php (41)
2019/09/04 17:14:38 [trace] [system.db.CDbCommand] Querying SQL: SHOW COLUMNS FROM `language`
in C:\xampp\htdocs\reich\protected\models\Language.php (22)
in C:\xampp\htdocs\reich\protected\components\Controller.php (41)
2019/09/04 17:14:38 [trace] [system.db.CDbCommand] Querying SQL: SHOW CREATE TABLE `language`
in C:\xampp\htdocs\reich\protected\models\Language.php (22)
in C:\xampp\htdocs\reich\protected\components\Controller.php (41)
2019/09/04 17:14:38 [trace] [system.db.ar.CActiveRecord] Language.find()
in C:\xampp\htdocs\reich\protected\components\Controller.php (41)
2019/09/04 17:14:38 [trace] [system.db.CDbCommand] Querying SQL: SELECT * FROM `language` `t` WHERE code = :code LIMIT 1
in C:\xampp\htdocs\reich\protected\components\Controller.php (41)
2019/09/04 17:14:38 [trace] [system.caching.CFileCache] Serving "setting_en" from cache
in C:\xampp\htdocs\reich\protected\components\Controller.php (43)
2019/09/04 17:14:38 [trace] [system.db.CDbCommand] Querying SQL: SHOW COLUMNS FROM `prd_product`
in C:\xampp\htdocs\reich\protected\controllers\HomeController.php (493)
2019/09/04 17:14:38 [trace] [system.db.CDbCommand] Querying SQL: SHOW CREATE TABLE `prd_product`
in C:\xampp\htdocs\reich\protected\controllers\HomeController.php (493)
2019/09/04 17:14:38 [trace] [system.db.CDbCommand] Querying SQL: SHOW COLUMNS FROM `prd_category`
in C:\xampp\htdocs\reich\protected\models\PrdCategory.php (23)
in C:\xampp\htdocs\reich\protected\controllers\HomeController.php (506)
2019/09/04 17:14:38 [trace] [system.db.CDbCommand] Querying SQL: SHOW CREATE TABLE `prd_category`
in C:\xampp\htdocs\reich\protected\models\PrdCategory.php (23)
in C:\xampp\htdocs\reich\protected\controllers\HomeController.php (506)
2019/09/04 17:14:38 [trace] [system.db.ar.CActiveRecord] PrdCategory.findAll()
in C:\xampp\htdocs\reich\protected\controllers\HomeController.php (506)
2019/09/04 17:14:38 [trace] [system.db.CDbCommand] Querying SQL: SHOW COLUMNS FROM `prd_category_description`
in C:\xampp\htdocs\reich\protected\controllers\HomeController.php (506)
2019/09/04 17:14:38 [trace] [system.db.CDbCommand] Querying SQL: SHOW CREATE TABLE `prd_category_description`
in C:\xampp\htdocs\reich\protected\controllers\HomeController.php (506)
2019/09/04 17:14:38 [trace] [system.db.CDbCommand] Querying SQL: SELECT `t`.`id` AS `t0_c0`, `t`.`parent_id` AS `t0_c1`, `t`.`sort` AS `t0_c2`, `t`.`image` AS `t0_c3`, `t`.`image2` AS `t0_c4`, `t`.`image3` AS `t0_c5`, `t`.`type` AS `t0_c6`, `t`.`data` AS `t0_c7`, `description`.`id` AS `t1_c0`, `description`.`category_id` AS `t1_c1`, `description`.`language_id` AS `t1_c2`, `description`.`name` AS `t1_c3`, `description`.`desc` AS `t1_c4`, `description`.`data` AS `t1_c5` FROM `prd_category` `t`  LEFT OUTER JOIN `prd_category_description` `description` ON (`description`.`category_id`=`t`.`id`)  WHERE ((t.parent_id = :parent_id) AND (t.type = :type)) ORDER BY sort ASC LIMIT 3
in C:\xampp\htdocs\reich\protected\controllers\HomeController.php (506)
2019/09/04 17:14:38 [trace] [system.CModule] Loading "themeManager" application component
in C:\xampp\htdocs\reich\protected\controllers\HomeController.php (514)
2019/09/04 17:14:38 [trace] [system.CModule] Loading "widgetFactory" application component
in C:\xampp\htdocs\reich\protected\views\layouts\column2.php (2)
in C:\xampp\htdocs\reich\protected\controllers\HomeController.php (514)
2019/09/04 17:14:38 [trace] [system.CModule] Loading "clientScript" application component
in C:\xampp\htdocs\reich\protected\views\layouts\main.php (36)
in C:\xampp\htdocs\reich\protected\views\layouts\column2.php (11)
in C:\xampp\htdocs\reich\protected\controllers\HomeController.php (514)
2019/09/04 17:14:38 [trace] [system.CModule] Loading "assetManager" application component
in C:\xampp\htdocs\reich\protected\controllers\HomeController.php (514)
